INFO: [VRFC 10-2263] Analyzing Verilog file "C:/Users/Loagster/Desktop/4300/lab3_MIPs_EX/lab3_MIPs_EX.srcs/sources_1/new/ALU.v" into library xil_defaultlib
INFO: [VRFC 10-311] analyzing module Execute_ALU
INFO: [VRFC 10-2263] Analyzing Verilog file "C:/Users/Loagster/Desktop/4300/lab3_MIPs_EX/lab3_MIPs_EX.srcs/sources_1/new/ALU_control.v" into library xil_defaultlib
INFO: [VRFC 10-311] analyzing module ALU_Control
INFO: [VRFC 10-2263] Analyzing Verilog file "C:/Users/Loagster/Desktop/4300/lab3_MIPs_EX/lab3_MIPs_EX.srcs/sources_1/new/Add.v" into library xil_defaultlib
INFO: [VRFC 10-311] analyzing module Add
INFO: [VRFC 10-2263] Analyzing Verilog file "C:/Users/Loagster/Desktop/4300/lab2_MIPS_Decode/lab2_MIPS_Decode.srcs/sources_1/new/Control.v" into library xil_defaultlib
INFO: [VRFC 10-311] analyzing module Control
ERROR: [VRFC 10-1280] procedural assignment to a non-register reg_dst is not permitted, left-hand side should be reg/integer/time/genvar [C:/Users/Loagster/Desktop/4300/lab2_MIPS_Decode/lab2_MIPS_Decode.srcs/sources_1/new/Control.v:37]
ERROR: [VRFC 10-1280] procedural assignment to a non-register alu_src is not permitted, left-hand side should be reg/integer/time/genvar [C:/Users/Loagster/Desktop/4300/lab2_MIPS_Decode/lab2_MIPS_Decode.srcs/sources_1/new/Control.v:38]
ERROR: [VRFC 10-1280] procedural assignment to a non-register mem_to_reg is not permitted, left-hand side should be reg/integer/time/genvar [C:/Users/Loagster/Desktop/4300/lab2_MIPS_Decode/lab2_MIPS_Decode.srcs/sources_1/new/Control.v:39]
ERROR: [VRFC 10-1280] procedural assignment to a non-register reg_write is not permitted, left-hand side should be reg/integer/time/genvar [C:/Users/Loagster/Desktop/4300/lab2_MIPS_Decode/lab2_MIPS_Decode.srcs/sources_1/new/Control.v:40]
ERROR: [VRFC 10-1280] procedural assignment to a non-register mem_read is not permitted, left-hand side should be reg/integer/time/genvar [C:/Users/Loagster/Desktop/4300/lab2_MIPS_Decode/lab2_MIPS_Decode.srcs/sources_1/new/Control.v:41]
ERROR: [VRFC 10-1280] procedural assignment to a non-register mem_write is not permitted, left-hand side should be reg/integer/time/genvar [C:/Users/Loagster/Desktop/4300/lab2_MIPS_Decode/lab2_MIPS_Decode.srcs/sources_1/new/Control.v:42]
ERROR: [VRFC 10-1280] procedural assignment to a non-register branch is not permitted, left-hand side should be reg/integer/time/genvar [C:/Users/Loagster/Desktop/4300/lab2_MIPS_Decode/lab2_MIPS_Decode.srcs/sources_1/new/Control.v:43]
ERROR: [VRFC 10-1280] procedural assignment to a non-register jump is not permitted, left-hand side should be reg/integer/time/genvar [C:/Users/Loagster/Desktop/4300/lab2_MIPS_Decode/lab2_MIPS_Decode.srcs/sources_1/new/Control.v:44]
ERROR: [VRFC 10-1280] procedural assignment to a non-register alu_op is not permitted, left-hand side should be reg/integer/time/genvar [C:/Users/Loagster/Desktop/4300/lab2_MIPS_Decode/lab2_MIPS_Decode.srcs/sources_1/new/Control.v:45]
ERROR: [VRFC 10-1280] procedural assignment to a non-register reg_dst is not permitted, left-hand side should be reg/integer/time/genvar [C:/Users/Loagster/Desktop/4300/lab2_MIPS_Decode/lab2_MIPS_Decode.srcs/sources_1/new/Control.v:49]
ERROR: [VRFC 10-1280] procedural assignment to a non-register alu_src is not permitted, left-hand side should be reg/integer/time/genvar [C:/Users/Loagster/Desktop/4300/lab2_MIPS_Decode/lab2_MIPS_Decode.srcs/sources_1/new/Control.v:50]
ERROR: [VRFC 10-1280] procedural assignment to a non-register mem_to_reg is not permitted, left-hand side should be reg/integer/time/genvar [C:/Users/Loagster/Desktop/4300/lab2_MIPS_Decode/lab2_MIPS_Decode.srcs/sources_1/new/Control.v:51]
ERROR: [VRFC 10-1280] procedural assignment to a non-register reg_write is not permitted, left-hand side should be reg/integer/time/genvar [C:/Users/Loagster/Desktop/4300/lab2_MIPS_Decode/lab2_MIPS_Decode.srcs/sources_1/new/Control.v:52]
ERROR: [VRFC 10-1280] procedural assignment to a non-register mem_read is not permitted, left-hand side should be reg/integer/time/genvar [C:/Users/Loagster/Desktop/4300/lab2_MIPS_Decode/lab2_MIPS_Decode.srcs/sources_1/new/Control.v:53]
ERROR: [VRFC 10-1280] procedural assignment to a non-register mem_write is not permitted, left-hand side should be reg/integer/time/genvar [C:/Users/Loagster/Desktop/4300/lab2_MIPS_Decode/lab2_MIPS_Decode.srcs/sources_1/new/Control.v:54]
ERROR: [VRFC 10-1280] procedural assignment to a non-register branch is not permitted, left-hand side should be reg/integer/time/genvar [C:/Users/Loagster/Desktop/4300/lab2_MIPS_Decode/lab2_MIPS_Decode.srcs/sources_1/new/Control.v:55]
ERROR: [VRFC 10-1280] procedural assignment to a non-register jump is not permitted, left-hand side should be reg/integer/time/genvar [C:/Users/Loagster/Desktop/4300/lab2_MIPS_Decode/lab2_MIPS_Decode.srcs/sources_1/new/Control.v:56]
ERROR: [VRFC 10-1280] procedural assignment to a non-register alu_op is not permitted, left-hand side should be reg/integer/time/genvar [C:/Users/Loagster/Desktop/4300/lab2_MIPS_Decode/lab2_MIPS_Decode.srcs/sources_1/new/Control.v:57]
ERROR: [VRFC 10-8530] module 'Control' is ignored due to previous errors [C:/Users/Loagster/Desktop/4300/lab2_MIPS_Decode/lab2_MIPS_Decode.srcs/sources_1/new/Control.v:22]
